<?xml version="1.0" encoding="UTF-8"?>
<testsuite xmlns:xsi="http://www.w3.org/2001/XMLSchema-instance" xsi:noNamespaceSchemaLocation="https://maven.apache.org/surefire/maven-surefire-plugin/xsd/surefire-test-report.xsd" name="com.tt.springboottest.RabbitTest" time="21.486" tests="3" errors="0" skipped="0" failures="0">
  <properties>
[...]
</properties>
  <testcase name="sendRabbit1" classname="com.tt.springboottest.RabbitTest" time="2.422"/>
  <testcase name="sendRabbit2" classname="com.tt.springboottest.RabbitTest" time="0.009"/>
  <testcase name="sendRabbit3" classname="com.tt.springboottest.RabbitTest" time="0.039"/>
</testsuite>